{"C:\\programing\\rfindustries\\frontend\\rfindustriesvue\\src\\lib\\index.ts": {"path":"C:\\programing\\rfindustries\\frontend\\rfindustriesvue\\src\\lib\\index.ts","all":false,"statementMap":{"0":{"start":{"line":1,"column":0},"end":{"line":1,"column":79}}},"s":{"0":1},"branchMap":{"0":{"type":"branch","line":1,"loc":{"start":{"line":1,"column":41},"end":{"line":1,"column":79}},"locations":[{"start":{"line":1,"column":41},"end":{"line":1,"column":79}}]}},"b":{"0":[2]},"fnMap":{"0":{"name":"get","decl":{"start":{"line":1,"column":41},"end":{"line":1,"column":79}},"loc":{"start":{"line":1,"column":41},"end":{"line":1,"column":79}},"line":1}},"f":{"0":2}}
,"C:\\programing\\rfindustries\\frontend\\rfindustriesvue\\src\\lib\\components\\test\\TestComponent.vue": {"path":"C:\\programing\\rfindustries\\frontend\\rfindustriesvue\\src\\lib\\components\\test\\TestComponent.vue","all":false,"statementMap":{"0":{"start":{"line":1,"column":0},"end":{"line":1,"column":24}},"1":{"start":{"line":2,"column":0},"end":{"line":2,"column":27}},"2":{"start":{"line":3,"column":0},"end":{"line":3,"column":8}},"3":{"start":{"line":4,"column":0},"end":{"line":4,"column":21}},"4":{"start":{"line":5,"column":0},"end":{"line":5,"column":17}},"5":{"start":{"line":6,"column":0},"end":{"line":6,"column":4}},"6":{"start":{"line":7,"column":0},"end":{"line":7,"column":3}},"7":{"start":{"line":8,"column":0},"end":{"line":8,"column":9}},"8":{"start":{"line":9,"column":0},"end":{"line":9,"column":0}},"9":{"start":{"line":10,"column":0},"end":{"line":10,"column":10}},"10":{"start":{"line":11,"column":0},"end":{"line":11,"column":24}},"11":{"start":{"line":12,"column":0},"end":{"line":12,"column":11}},"12":{"start":{"line":13,"column":0},"end":{"line":13,"column":0}},"13":{"start":{"line":14,"column":0},"end":{"line":14,"column":22}}},"s":{"0":1,"1":1,"2":1,"3":1,"4":1,"5":1,"6":1,"7":1,"8":1,"9":1,"10":1,"11":1,"12":1,"13":1},"branchMap":{},"b":{},"fnMap":{},"f":{}}
}
